<?xml version="1.0" encoding="UTF-8"?>
<!-- Generated by org.testng.reporters.JUnitXMLReporter -->
<testsuite ignored="0" hostname="Karthicks-MBP.home" failures="0" tests="1" name="Bank Manager Login Test" time="0.016" errors="0" timestamp="2020-06-01T15:07:03 CDT">
  <testcase classname="com.auto.main.TestAutoApp" name="@BeforeSuite startUp" time="0.303">
    <failure type="java.lang.IllegalAccessError" message="class org.openqa.selenium.net.UrlChecker tried to access private method &amp;apos;void com.google.common.util.concurrent.SimpleTimeLimiter.&amp;lt;init&amp;gt;(java.util.concurrent.ExecutorService)&amp;apos; (org.openqa.selenium.net.UrlChecker and com.google.common.util.concurrent.SimpleTimeLimiter are in unnamed module of loader &amp;apos;app&amp;apos;)">
      <![CDATA[java.lang.IllegalAccessError: class org.openqa.selenium.net.UrlChecker tried to access private method 'void com.google.common.util.concurrent.SimpleTimeLimiter.<init>(java.util.concurrent.ExecutorService)' (org.openqa.selenium.net.UrlChecker and com.google.common.util.concurrent.SimpleTimeLimiter are in unnamed module of loader 'app')
at org.openqa.selenium.net.UrlChecker.<init>(UrlChecker.java:67)
at org.openqa.selenium.remote.service.DriverService.waitUntilAvailable(DriverService.java:175)
at org.openqa.selenium.remote.service.DriverService.start(DriverService.java:166)
at org.openqa.selenium.remote.service.DriverCommandExecutor.execute(DriverCommandExecutor.java:78)
at org.openqa.selenium.remote.RemoteWebDriver.execute(RemoteWebDriver.java:644)
at org.openqa.selenium.remote.RemoteWebDriver.startSession(RemoteWebDriver.java:249)
at org.openqa.selenium.remote.RemoteWebDriver.<init>(RemoteWebDriver.java:131)
at org.openqa.selenium.remote.RemoteWebDriver.<init>(RemoteWebDriver.java:144)
at org.openqa.selenium.chrome.ChromeDriver.<init>(ChromeDriver.java:170)
at org.openqa.selenium.chrome.ChromeDriver.<init>(ChromeDriver.java:159)
at org.openqa.selenium.chrome.ChromeDriver.<init>(ChromeDriver.java:116)
at com.auto.main.TestAutoApp.startUp(TestAutoApp.java:67)
... Removed 23 stack frames]]>
    </failure>
  </testcase> <!-- @BeforeSuite startUp -->
  <testcase classname="com.auto.testcases.BankManagerLoginTest" name="loginBankManage" time="0.0">
    <skipped/>
  </testcase> <!-- loginBankManage -->
</testsuite> <!-- Bank Manager Login Test -->
