<?xml version="1.0" encoding="UTF-8"?>
<testsuite xmlns:xsi="http://www.w3.org/2001/XMLSchema-instance" xsi:noNamespaceSchemaLocation="https://maven.apache.org/surefire/maven-surefire-plugin/xsd/surefire-test-report-3.0.xsd" version="3.0" name="TestSuite" time="1.082" tests="4" errors="0" skipped="3" failures="1">
  <properties>
[...]
</properties>
  <testcase name="startUp" classname="com.auto.testcases.AddCustomerTest" time="0.899">
    <failure message="class org.openqa.selenium.net.UrlChecker tried to access private method &apos;void com.google.common.util.concurrent.SimpleTimeLimiter.&lt;init&gt;(java.util.concurrent.ExecutorService)&apos; (org.openqa.selenium.net.UrlChecker and com.google.common.util.concurrent.SimpleTimeLimiter are in unnamed module of loader &apos;app&apos;)" type="java.lang.IllegalAccessError"><![CDATA[java.lang.IllegalAccessError: class org.openqa.selenium.net.UrlChecker tried to access private method 'void com.google.common.util.concurrent.SimpleTimeLimiter.<init>(java.util.concurrent.ExecutorService)' (org.openqa.selenium.net.UrlChecker and com.google.common.util.concurrent.SimpleTimeLimiter are in unnamed module of loader 'app')
]]></failure>
    <system-err><![CDATA[log4j:WARN File option not set for appender [dest1].
log4j:WARN Are you using FileAppender instead of ConsoleAppender?
]]></system-err>
  </testcase>
  <testcase name="addCustomer" classname="com.auto.testcases.AddCustomerTest" time="0">
    <skipped message="class org.openqa.selenium.net.UrlChecker tried to access private method &apos;void com.google.common.util.concurrent.SimpleTimeLimiter.&lt;init&gt;(java.util.concurrent.ExecutorService)&apos; (org.openqa.selenium.net.UrlChecker and com.google.common.util.concurrent.SimpleTimeLimiter are in unnamed module of loader &apos;app&apos;)"/>
    <system-err><![CDATA[started successfully.
]]></system-err>
  </testcase>
  <testcase name="tearDown" classname="com.auto.testcases.AddCustomerTest" time="0">
    <skipped/>
  </testcase>
  <testcase name="loginBankManage" classname="com.auto.testcases.BankManagerLoginTest" time="0">
    <skipped message="class org.openqa.selenium.net.UrlChecker tried to access private method &apos;void com.google.common.util.concurrent.SimpleTimeLimiter.&lt;init&gt;(java.util.concurrent.ExecutorService)&apos; (org.openqa.selenium.net.UrlChecker and com.google.common.util.concurrent.SimpleTimeLimiter are in unnamed module of loader &apos;app&apos;)"/>
    <system-err><![CDATA[Starting ChromeDriver 83.0.4103.39 (ccbf011cb2d2b19b506d844400483861342c20cd-refs/branch-heads/4103@{#416}) on port 2976
Only local connections are allowed.
Please see https://chromedriver.chromium.org/security-considerations for suggestions on keeping ChromeDriver safe.
ChromeDriver was ]]></system-err>
  </testcase>
</testsuite>