<?xml version="1.0" encoding="UTF-8"?>
<testsuite name="AddCustomer Test"
           tests="3"
           failures="1"
           errors="0"
           skipped="2"
           time="-1591042023.327">
  <properties />
            <testcase name="startUp" time="0.303" classname="com.auto.testcases.AddCustomerTest">
                <failure type="java.lang.IllegalAccessError"
                  message="class org.openqa.selenium.net.UrlChecker tried to access private method &apos;void com.google.common.util.concurrent.SimpleTimeLimiter.&lt;init&gt;(java.util.concurrent.ExecutorService)&apos; (org.openqa.selenium.net.UrlChecker and com.google.common.util.concurrent.SimpleTimeLimiter are in unnamed module of loader &apos;app&apos;)"
              >
<![CDATA[java.lang.IllegalAccessError: class org.openqa.selenium.net.UrlChecker tried to access private method 'void com.google.common.util.concurrent.SimpleTimeLimiter.<init>(java.util.concurrent.ExecutorService)' (org.openqa.selenium.net.UrlChecker and com.google.common.util.concurrent.SimpleTimeLimiter are in unnamed module of loader 'app')
  org.openqa.selenium.net.UrlChecker.<init>(UrlChecker.java:67)
  org.openqa.selenium.remote.service.DriverService.waitUntilAvailable(DriverService.java:175)
  org.openqa.selenium.remote.service.DriverService.start(DriverService.java:166)
  org.openqa.selenium.remote.service.DriverCommandExecutor.execute(DriverCommandExecutor.java:78)
  org.openqa.selenium.remote.RemoteWebDriver.execute(RemoteWebDriver.java:644)
  org.openqa.selenium.remote.RemoteWebDriver.startSession(RemoteWebDriver.java:249)
  org.openqa.selenium.remote.RemoteWebDriver.<init>(RemoteWebDriver.java:131)
  org.openqa.selenium.remote.RemoteWebDriver.<init>(RemoteWebDriver.java:144)
  org.openqa.selenium.chrome.ChromeDriver.<init>(ChromeDriver.java:170)
  org.openqa.selenium.chrome.ChromeDriver.<init>(ChromeDriver.java:159)
  org.openqa.selenium.chrome.ChromeDriver.<init>(ChromeDriver.java:116)
  com.auto.main.TestAutoApp.startUp(TestAutoApp.java:67)
  java.base/jdk.internal.reflect.NativeMethodAccessorImpl.invoke0(Native Method)
  java.base/jdk.internal.reflect.NativeMethodAccessorImpl.invoke(NativeMethodAccessorImpl.java:62)
  java.base/jdk.internal.reflect.DelegatingMethodAccessorImpl.invoke(DelegatingMethodAccessorImpl.java:43)
  java.base/java.lang.reflect.Method.invoke(Method.java:564)
  org.testng.internal.MethodInvocationHelper.invokeMethod(MethodInvocationHelper.java:134)
  org.testng.internal.MethodInvocationHelper.invokeMethodConsideringTimeout(MethodInvocationHelper.java:63)
  org.testng.internal.ConfigInvoker.invokeConfigurationMethod(ConfigInvoker.java:348)
  org.testng.internal.ConfigInvoker.invokeConfigurations(ConfigInvoker.java:302)
  org.testng.SuiteRunner.privateRun(SuiteRunner.java:327)
  org.testng.SuiteRunner.run(SuiteRunner.java:286)
  org.testng.SuiteRunnerWorker.runSuite(SuiteRunnerWorker.java:53)
  org.testng.SuiteRunnerWorker.run(SuiteRunnerWorker.java:96)
  org.testng.TestNG.runSuitesSequentially(TestNG.java:1187)
  org.testng.TestNG.runSuitesLocally(TestNG.java:1109)
  org.testng.TestNG.runSuites(TestNG.java:1039)
  org.testng.TestNG.run(TestNG.java:1007)
  org.apache.maven.surefire.testng.TestNGExecutor.run(TestNGExecutor.java:283)
  org.apache.maven.surefire.testng.TestNGXmlTestSuite.execute(TestNGXmlTestSuite.java:75)
  org.apache.maven.surefire.testng.TestNGProvider.invoke(TestNGProvider.java:120)
  org.apache.maven.surefire.booter.ForkedBooter.runSuitesInProcess(ForkedBooter.java:377)
  org.apache.maven.surefire.booter.ForkedBooter.execute(ForkedBooter.java:138)
  org.apache.maven.surefire.booter.ForkedBooter.run(ForkedBooter.java:465)
  org.apache.maven.surefire.booter.ForkedBooter.main(ForkedBooter.java:451)
]]>
      </failure>

          </testcase>
  
            <testcase name="tearDown" time="0.0" classname="com.auto.testcases.AddCustomerTest">
          <skipped />
    </testcase>
            <testcase name="addCustomer" time="0.0" classname="com.auto.testcases.AddCustomerTest">
          <skipped />
    </testcase>
  
  
</testsuite>
